2024-01-29 12:29:19,481 Error processing line #1 for ID #id: time data 'birthday' does not match format '%d/%m/%Y'
2024-01-29 12:29:19,481 Error processing line #14 for ID #13: time data '29/072006' does not match format '%d/%m/%Y'
2024-01-29 12:29:19,481 Error processing line #28 for ID #27: time data '23/23/2007' does not match format '%d/%m/%Y'
2024-01-29 12:29:19,481 Error processing line #31 for ID #30: time data '1411/1997' does not match format '%d/%m/%Y'
2024-01-29 12:29:19,482 Error processing line #48 for ID #47: unconverted data remains: 5
2024-01-29 12:29:19,482 Error processing line #49 for ID #48: time data '44/01/1972' does not match format '%d/%m/%Y'
2024-01-29 12:29:19,482 Error processing line #68 for ID #67: time data '29*06*1988' does not match format '%d/%m/%Y'
2024-01-29 12:29:19,482 Error processing line #72 for ID #71: time data '00/10/1995' does not match format '%d/%m/%Y'
2024-01-29 12:29:19,482 Error processing line #79 for ID #78: time data '25/19/1998' does not match format '%d/%m/%Y'
2024-01-29 12:29:19,482 Error processing line #94 for ID #93: time data '22//01//2013' does not match format '%d/%m/%Y'
2024-01-29 12:51:42,169 Error processing line #1 for ID #id: time data 'birthday' does not match format '%d/%m/%Y'
2024-01-29 12:51:42,170 Error processing line #14 for ID #13: time data '29/072006' does not match format '%d/%m/%Y'
2024-01-29 12:51:42,170 Error processing line #28 for ID #27: time data '23/23/2007' does not match format '%d/%m/%Y'
2024-01-29 12:51:42,170 Error processing line #31 for ID #30: time data '1411/1997' does not match format '%d/%m/%Y'
2024-01-29 12:51:42,170 Error processing line #48 for ID #47: unconverted data remains: 5
2024-01-29 12:51:42,170 Error processing line #49 for ID #48: time data '44/01/1972' does not match format '%d/%m/%Y'
2024-01-29 12:51:42,170 Error processing line #68 for ID #67: time data '29*06*1988' does not match format '%d/%m/%Y'
2024-01-29 12:51:42,170 Error processing line #72 for ID #71: time data '00/10/1995' does not match format '%d/%m/%Y'
2024-01-29 12:51:42,170 Error processing line #79 for ID #78: time data '25/19/1998' does not match format '%d/%m/%Y'
2024-01-29 12:51:42,170 Error processing line #94 for ID #93: time data '22//01//2013' does not match format '%d/%m/%Y'
2024-01-29 13:04:42,387 Error processing line #1 for ID #id: time data 'birthday' does not match format '%d/%m/%Y'
2024-01-29 13:04:42,387 Error processing line #14 for ID #13: time data '29/072006' does not match format '%d/%m/%Y'
2024-01-29 13:04:42,387 Error processing line #28 for ID #27: time data '23/23/2007' does not match format '%d/%m/%Y'
2024-01-29 13:04:42,387 Error processing line #31 for ID #30: time data '1411/1997' does not match format '%d/%m/%Y'
2024-01-29 13:04:42,387 Error processing line #48 for ID #47: unconverted data remains: 5
2024-01-29 13:04:42,387 Error processing line #49 for ID #48: time data '44/01/1972' does not match format '%d/%m/%Y'
2024-01-29 13:04:42,387 Error processing line #68 for ID #67: time data '29*06*1988' does not match format '%d/%m/%Y'
2024-01-29 13:04:42,387 Error processing line #72 for ID #71: time data '00/10/1995' does not match format '%d/%m/%Y'
2024-01-29 13:04:42,387 Error processing line #79 for ID #78: time data '25/19/1998' does not match format '%d/%m/%Y'
2024-01-29 13:04:42,387 Error processing line #94 for ID #93: time data '22//01//2013' does not match format '%d/%m/%Y'
2024-01-29 13:07:00,226 Error processing line #1 for ID #id: time data 'birthday' does not match format '%d/%m/%Y'
2024-01-29 13:07:00,226 Error processing line #14 for ID #13: time data '29/072006' does not match format '%d/%m/%Y'
2024-01-29 13:07:00,226 Error processing line #28 for ID #27: time data '23/23/2007' does not match format '%d/%m/%Y'
2024-01-29 13:07:00,226 Error processing line #31 for ID #30: time data '1411/1997' does not match format '%d/%m/%Y'
2024-01-29 13:07:00,226 Error processing line #48 for ID #47: unconverted data remains: 5
2024-01-29 13:07:00,226 Error processing line #49 for ID #48: time data '44/01/1972' does not match format '%d/%m/%Y'
2024-01-29 13:07:00,226 Error processing line #68 for ID #67: time data '29*06*1988' does not match format '%d/%m/%Y'
2024-01-29 13:07:00,226 Error processing line #72 for ID #71: time data '00/10/1995' does not match format '%d/%m/%Y'
2024-01-29 13:07:00,226 Error processing line #79 for ID #78: time data '25/19/1998' does not match format '%d/%m/%Y'
2024-01-29 13:07:00,226 Error processing line #94 for ID #93: time data '22//01//2013' does not match format '%d/%m/%Y'
